<?xml version="1.0" encoding="UTF-8"?>
<testsuite xmlns:xsi="http://www.w3.org/2001/XMLSchema-instance" xsi:noNamespaceSchemaLocation="https://maven.apache.org/surefire/maven-surefire-plugin/xsd/surefire-test-report-3.0.xsd" version="3.0" name="com.simpel.kalkulator.KalkulatorTest" time="0.064" tests="5" errors="0" skipped="0" failures="0">
  <properties>
[...]
</properties>
  <testcase name="testMod" classname="com.simpel.kalkulator.KalkulatorTest" time="0.027"/>
  <testcase name="testBagi" classname="com.simpel.kalkulator.KalkulatorTest" time="0.002"/>
  <testcase name="testKali" classname="com.simpel.kalkulator.KalkulatorTest" time="0.002"/>
  <testcase name="testKurang" classname="com.simpel.kalkulator.KalkulatorTest" time="0.0"/>
  <testcase name="testTambah" classname="com.simpel.kalkulator.KalkulatorTest" time="0.001"/>
</testsuite>